build/app/outputs/mapping/release/seeds.txt
com.example.weather_app.MainActivity
com.example.weather_app.MainActivity: MainActivity()
...
com.google.android.gms.internal.firebase-auth-api.zzfa
io.flutter.view.FlutterCallbackInformation: io.flutter.view.FlutterCallbackInformation lookupCallbackInformation(long)
io.flutter.embedding.android.FlutterImageView$SurfaceKind: io.flutter.embedding.android.FlutterImageView$SurfaceKind[] values()
io.flutter.plugin.editing.ImeSyncDeferringInsetsCallback: ImeSyncDeferringInsetsCallback(android.view.View,int,int)
androidx.browser.browseractions.BrowserActionsFallbackMenuView: BrowserActionsFallbackMenuView(android.content.Context,android.util.AttributeSet)
androidx.lifecycle.ReportFragment$LifecycleCallbacks: void onActivityPreStopped(android.app.Activity)
com.google.android.gms.internal.measurement.zzdj: long zzN
io.flutter.embedding.engine.systemchannels.PlatformChannel$HapticFeedbackType: io.flutter.embedding.engine.systemchannels.PlatformChannel$HapticFeedbackType valueOf(java.lang.String)
io.flutter.plugins.firebase.core.FlutterFirebasePlugin: java.util.concurrent.ExecutorService cachedThreadPool
com.google.android.gms.internal.measurement.zzcf: boolean zzj
io.flutter.embedding.engine.FlutterJNI: void ensureRunningOnMainThread()
io.flutter.embedding.engine.FlutterJNI: void addIsDisplayingFlutterUiListener(io.flutter.embedding.engine.renderer.FlutterUiDisplayListener)
io.flutter.plugins.firebase.core.FlutterFirebaseCoreRegistrar
io.flutter.plugin.editing.ImeSyncDeferringInsetsCallback: android.view.View access$602(io.flutter.plugin.editing.ImeSyncDeferringInsetsCallback,android.view.View)
io.flutter.embedding.android.FlutterView$ZeroSides: io.flutter.embedding.android.FlutterView$ZeroSides valueOf(java.lang.String)
com.google.android.gms.internal.firebase-auth-api.zzhb: com.google.android.gms.internal.firebase-auth-api.zzhb zzg
io.flutter.plugins.firebase.core.FlutterFirebasePlugin
io.flutter.embedding.engine.FlutterJNI: void setAsyncWaitForVsyncDelegate(io.flutter.embedding.engine.FlutterJNI$AsyncWaitForVsyncDelegate)
com.google.android.gms.measurement.internal.AppMeasurementDynamiteService: void getUserProperties(java.lang.String,java.lang.String,boolean,com.google.android.gms.internal.measurement.zzs)
com.google.android.gms.common.util.DynamiteApi
com.google.android.gms.internal.firebase-auth-api.zznj: android.os.Parcelable$Creator CREATOR
com.google.android.gms.measurement.internal.AppMeasurementDynamiteService: void beginAdUnitExposure(java.lang.String,long)
com.google.android.gms.internal.firebase-auth-api.zzlr: android.os.Parcelable$Creator CREATOR
com.google.android.gms.internal.firebase-auth-api.zzel
com.google.firebase.installations.local.PersistedInstallation$RegistrationStatus: com.google.firebase.installations.local.PersistedInstallation$RegistrationStatus valueOf(java.lang.String)
io.flutter.embedding.engine.FlutterJNI: void setRefreshRateFPS(float)
io.flutter.embedding.android.FlutterImageView$SurfaceKind: io.flutter.embedding.android.FlutterImageView$SurfaceKind valueOf(java.lang.String)
androidx.lifecycle.ReportFragment$LifecycleCallbacks: void onActivityPaused(android.app.Activity)
com.google.android.gms.internal.measurement.zzdj: long zzm
com.google.android.gms.internal.measurement.zzby: boolean zzg
com.google.android.gms.measurement.internal.AppMeasurementDynamiteService: void getCurrentScreenName(com.google.android.gms.internal.measurement.zzs)
io.flutter.plugin.editing.ImeSyncDeferringInsetsCallback: android.view.View access$600(io.flutter.plugin.editing.ImeSyncDeferringInsetsCallback)
androidx.lifecycle.ReportFragment$LifecycleCallbacks: void onActivityPostStarted(android.app.Activity)
io.flutter.embedding.engine.FlutterJNI: void updateCustomAccessibilityActions(java.nio.ByteBuffer,java.lang.String[])
io.flutter.embedding.engine.FlutterJNI: boolean getIsSoftwareRenderingEnabled()
com.google.android.gms.internal.measurement.zzby: com.google.android.gms.internal.measurement.zzby zzi
io.flutter.embedding.engine.renderer.SurfaceTextureWrapper: android.graphics.SurfaceTexture surfaceTexture