build/app/outputs/mapping/release/mapping.txt
# compiler: R8
# compiler_version: 2.1.62
# min_api: 18
# pg_map_id: 8241424
# common_typos_disable
...
com.google.android.gms.common.api.zab -> com.google.android.gms.common.api.o:
com.google.android.gms.common.api.zza -> com.google.android.gms.common.api.p:
com.google.android.gms.common.api.zzb -> com.google.android.gms.common.api.q:
com.google.android.gms.common.data.DataHolder -> com.google.android.gms.common.data.DataHolder:
    int[] zaly -> h
    boolean mClosed -> i
    boolean zama -> j
    android.os.Bundle zalu -> d
    int zalw -> f
    android.os.Bundle zalx -> g
    int zali -> b
    android.database.CursorWindow[] zalv -> e
    java.lang.String[] zalt -> c
    android.os.Bundle getMetadata() -> J
    int getStatusCode() -> K
    boolean isClosed() -> L
    void zaby() -> M
com.google.android.gms.common.data.DataHolder$Builder -> com.google.android.gms.common.data.DataHolder$a:
com.google.android.gms.common.data.zab -> com.google.android.gms.common.data.a:
com.google.android.gms.common.data.zac -> com.google.android.gms.common.data.b:
com.google.android.gms.common.internal.AccountAccessor -> com.google.android.gms.common.internal.a:
    android.accounts.Account getAccountBinderSafe(com.google.android.gms.common.internal.IAccountAccessor) -> j0
com.google.android.gms.common.internal.ApiExceptionUtil -> com.google.android.gms.common.internal.b:
    com.google.android.gms.common.api.ApiException fromStatus(com.google.android.gms.common.api.Status) -> a
com.google.android.gms.common.internal.BaseGmsClient -> com.google.android.gms.common.internal.c:
    com.google.android.gms.common.GoogleApiAvailabilityLight zzcq -> d
    java.util.concurrent.atomic.AtomicInteger zzdf -> u
    android.content.Context mContext -> b
    int zzcx -> m
    java.lang.Object mLock -> f
    java.lang.Object zzcr -> g
    com.google.android.gms.common.internal.GmsClientSupervisor zzcp -> c
    java.lang.String zzdb -> q
    com.google.android.gms.common.internal.zzh zzcn -> a
    com.google.android.gms.common.internal.IGmsServiceBroker zzcs -> h
    android.os.IInterface zzcu -> j
    com.google.android.gms.common.Feature[] zzch -> v
    com.google.android.gms.common.internal.zza zzde -> t
    com.google.android.gms.common.internal.BaseGmsClient$ConnectionProgressReportCallbacks zzct -> i
    boolean zzdd -> s
    com.google.android.gms.common.ConnectionResult zzdc -> r
    android.os.Handler mHandler -> e
    java.util.ArrayList zzcv -> k
    com.google.android.gms.common.internal.BaseGmsClient$BaseConnectionCallbacks zzcy -> n
    com.google.android.gms.common.internal.BaseGmsClient$zze zzcw -> l
    com.google.android.gms.common.internal.BaseGmsClient$BaseOnConnectionFailedListener zzcz -> o
    int zzda -> p
    android.os.Bundle getGetServiceRequestExtraArgs() -> A
    java.lang.String getLocalStartServiceAction() -> B
    java.util.Set getScopes() -> C
    android.os.IInterface getService() -> D
com.google.android.gms.common.internal.BaseGmsClient$BaseConnectionCallbacks -> com.google.android.gms.common.internal.c$a:
    void onConnectionSuspended(int) -> Q
    void onConnected(android.os.Bundle) -> j0
com.google.android.gms.common.internal.BaseGmsClient$BaseOnConnectionFailedListener -> com.google.android.gms.common.internal.c$b:
    void onConnectionFailed(com.google.android.gms.common.ConnectionResult) -> A
com.google.android.gms.common.internal.BaseGmsClient$ConnectionProgressReportCallbacks -> com.google.android.gms.common.internal.c$c:
    void onReportServiceBinding(com.google.android.gms.common.ConnectionResult) -> a
com.google.android.gms.common.internal.BaseGmsClient$LegacyClientCallbackAdapter -> com.google.android.gms.common.internal.c$d:
    com.google.android.gms.common.internal.BaseGmsClient zzcg -> a
    void onReportServiceBinding(com.google.android.gms.common.ConnectionResult) -> a
com.google.android.gms.common.internal.BaseGmsClient$SignOutCallbacks -> com.google.android.gms.common.internal.c$e:
    void onSignOutComplete() -> a