build/app/outputs/mapping/release/usage.txt
com.example.weather_app.R$id
com.example.weather_app.R$layout
com.example.weather_app.R$string
com.example.weather_app.R$drawable
com.example.weather_app.R
com.example.weather_app.R$dimen
com.example.weather_app.BuildConfig
com.example.weather_app.R$mipmap
com.example.weather_app.R$integer
com.example.weather_app.R$styleable
com.example.weather_app.R$style
com.example.weather_app.R$attr
com.example.weather_app.R$color
...
com.google.android.gms.internal.firebase-auth-api.zzcz:
    public static final com.google.android.gms.internal.firebase-auth-api.zzjl zzb
    public static final com.google.android.gms.internal.firebase-auth-api.zzjl zzc
androidx.arch.core.executor.DefaultTaskExecutor$1:
    final synthetic androidx.arch.core.executor.DefaultTaskExecutor this$0
com.google.android.gms.internal.firebase-auth-api.zzci:
    final synthetic com.google.android.gms.internal.firebase-auth-api.zzcj zza
com.google.android.gms.internal.firebase-auth-api.zzy:
    final synthetic com.google.android.gms.internal.firebase-auth-api.zzz zza
androidx.fragment.app.Fragment:
    java.lang.Runnable mPostponedDurationRunnable
io.flutter.embedding.engine.plugins.shim.ShimRegistrar:
    private final java.util.Map globalRegistrarMap
    private final java.lang.String pluginId
com.google.android.gms.internal.measurement.zzdn:
    private static final com.google.android.gms.internal.measurement.zzhv zzc
com.google.android.gms.measurement.internal.zzfe
io.flutter.embedding.engine.mutatorsstack.FlutterMutatorsStack$FlutterMutator:
    private android.graphics.Rect rect
    private float[] radiis
    private io.flutter.embedding.engine.mutatorsstack.FlutterMutatorsStack$FlutterMutatorType type
    final synthetic io.flutter.embedding.engine.mutatorsstack.FlutterMutatorsStack this$0
com.google.android.gms.internal.measurement.zzcj:
    private static final com.google.android.gms.internal.measurement.zzhv zzh
com.google.android.gms.internal.firebase-auth-api.zzhi
com.google.android.gms.measurement.internal.zzea:
    private java.lang.String zze
androidx.lifecycle.MethodCallsLogger:
    private java.util.Map mCalledMethods
com.google.android.gms.dynamite.DynamiteModule$zzb:
    private final int zzjf
com.google.android.gms.internal.ads_identifier.zzd
com.google.firebase.heartbeatinfo.HeartBeatInfoStorage:
    private final android.content.SharedPreferences heartBeatSharedPreferences
com.google.android.gms.internal.firebase-auth-api.zzwd:
    private static final java.lang.String zza
    private static final com.google.android.gms.common.logging.Logger zzb
com.google.android.gms.common.internal.GmsClient:
    private final com.google.android.gms.common.internal.ClientSettings zafa
com.tekartik.sqflite.SqflitePlugin$BgResult:
    final synthetic com.tekartik.sqflite.SqflitePlugin this$0
io.flutter.plugin.mouse.MouseCursorPlugin$2:
    final synthetic io.flutter.plugin.mouse.MouseCursorPlugin this$0
com.google.android.gms.internal.firebase-auth-api.zzw
com.google.android.gms.internal.firebase-auth-api.zzxx:
    private java.lang.String zzf
    private java.lang.String zzh
    private java.lang.String zzi
com.google.android.gms.internal.location.zzas:
    private android.content.ContentProviderClient zzcv
com.google.android.gms.internal.firebase-auth-api.zzx:
    private static final java.util.logging.Logger zza
    private static final com.google.android.gms.internal.firebase-auth-api.zzw zzb
androidx.exifinterface.media.ExifInterface:
    private boolean mModified
    public static final int[] BITS_PER_SAMPLE_GREYSCALE_1
    private static final java.util.regex.Pattern sNonZeroTimePattern
com.google.android.gms.internal.firebase-auth-api.zzdm:
    public static final com.google.android.gms.internal.firebase-auth-api.zzih zzb
    public static final com.google.android.gms.internal.firebase-auth-api.zzih zzc
com.google.android.gms.internal.firebase-auth-api.zzom:
    final synthetic com.google.android.gms.internal.firebase-auth-api.zzpy zzf
androidx.fragment.app.FragmentTransitionCompat21$1:
    final synthetic androidx.fragment.app.FragmentTransitionCompat21 this$0
com.google.firebase.auth.internal.zzbf:
    private void <init>()
io.flutter.embedding.engine.loader.FlutterApplicationInfo:
    public final java.lang.String vmSnapshotData
    public final java.lang.String isolateSnapshotData
com.google.android.gms.maps.model.Cap:
    private static final java.lang.String TAG